This file contains any messages produced by compilers while
running configure, to aid debugging if configure makes a mistake.

It was created by configure, which was
generated by GNU Autoconf 2.61.  Invocation command line was

  $ ./configure 

## --------- ##
## Platform. ##
## --------- ##

hostname = mbp-et.epcc.ed.ac.uk
uname -m = x86_64
uname -r = 13.3.0
uname -s = Darwin
uname -v = Darwin Kernel Version 13.3.0: Tue Jun  3 21:27:35 PDT 2014; root:xnu-2422.110.17~1/RELEASE_X86_64

/usr/bin/uname -p = i386
/bin/uname -X     = unknown

/bin/arch              = unknown
/usr/bin/arch -k       = unknown
/usr/convex/getsysinfo = unknown
/usr/bin/hostinfo      = Mach kernel version:
	 Darwin Kernel Version 13.3.0: Tue Jun  3 21:27:35 PDT 2014; root:xnu-2422.110.17~1/RELEASE_X86_64
Kernel configured for up to 4 processors.
2 processors are physically available.
4 processors are logically available.
Processor type: i486 (Intel 80486)
Processors active: 0 1 2 3
Primary memory available: 8.00 gigabytes
Default processor set: 270 tasks, 1481 threads, 4 processors
Load average: 1.62, Mach factor: 2.44
/bin/machine           = unknown
/usr/bin/oslevel       = unknown
/bin/universe          = unknown

PATH: /Users/eilidhtroup/.jenv/shims
PATH: /usr/bin
PATH: /bin
PATH: /usr/sbin
PATH: /sbin
PATH: /usr/local/bin
PATH: /opt/X11/bin
PATH: /usr/local/sbin


## ----------- ##
## Core tests. ##
## ----------- ##

configure:1709: checking for gcc
configure:1725: found /usr/bin/gcc
configure:1736: result: gcc
configure:1974: checking for C compiler version
configure:1981: gcc --version >&5
Configured with: --prefix=/Library/Developer/CommandLineTools/usr --with-gxx-include-dir=/usr/include/c++/4.2.1
Apple LLVM version 6.0 (clang-600.0.54) (based on LLVM 3.5svn)
Target: x86_64-apple-darwin13.3.0
Thread model: posix
configure:1984: $? = 0
configure:1991: gcc -v >&5
Configured with: --prefix=/Library/Developer/CommandLineTools/usr --with-gxx-include-dir=/usr/include/c++/4.2.1
Apple LLVM version 6.0 (clang-600.0.54) (based on LLVM 3.5svn)
Target: x86_64-apple-darwin13.3.0
Thread model: posix
configure:1994: $? = 0
configure:2001: gcc -V >&5
clang: error: argument to '-V' is missing (expected 1 value)
clang: error: no input files
configure:2004: $? = 1
configure:2027: checking for C compiler default output file name
configure:2054: gcc    conftest.c  >&5
configure:2057: $? = 0
configure:2095: result: a.out
configure:2112: checking whether the C compiler works
configure:2122: ./a.out
configure:2125: $? = 0
configure:2142: result: yes
configure:2149: checking whether we are cross compiling
configure:2151: result: no
configure:2154: checking for suffix of executables
configure:2161: gcc -o conftest    conftest.c  >&5
configure:2164: $? = 0
configure:2188: result: 
configure:2194: checking for suffix of object files
configure:2220: gcc -c   conftest.c >&5
configure:2223: $? = 0
configure:2246: result: o
configure:2250: checking whether we are using the GNU C compiler
configure:2279: gcc -c   conftest.c >&5
configure:2285: $? = 0
configure:2302: result: yes
configure:2307: checking whether gcc accepts -g
configure:2337: gcc -c -g  conftest.c >&5
configure:2343: $? = 0
configure:2442: result: yes
configure:2459: checking for gcc option to accept ISO C89
configure:2533: gcc  -c -g -O2  conftest.c >&5
configure:2539: $? = 0
configure:2562: result: none needed
configure:2586: checking how to run the C preprocessor
configure:2626: gcc -E  conftest.c
configure:2632: $? = 0
configure:2663: gcc -E  conftest.c
conftest.c:8:10: fatal error: 'ac_nonexistent.h' file not found
#include <ac_nonexistent.h>
         ^
1 error generated.
configure:2669: $? = 1
configure: failed program was:
| /* confdefs.h.  */
| #define PACKAGE_NAME ""
| #define PACKAGE_TARNAME ""
| #define PACKAGE_VERSION ""
| #define PACKAGE_STRING ""
| #define PACKAGE_BUGREPORT ""
| /* end confdefs.h.  */
| #include <ac_nonexistent.h>
configure:2702: result: gcc -E
configure:2731: gcc -E  conftest.c
configure:2737: $? = 0
configure:2768: gcc -E  conftest.c
conftest.c:8:10: fatal error: 'ac_nonexistent.h' file not found
#include <ac_nonexistent.h>
         ^
1 error generated.
configure:2774: $? = 1
configure: failed program was:
| /* confdefs.h.  */
| #define PACKAGE_NAME ""
| #define PACKAGE_TARNAME ""
| #define PACKAGE_VERSION ""
| #define PACKAGE_STRING ""
| #define PACKAGE_BUGREPORT ""
| /* end confdefs.h.  */
| #include <ac_nonexistent.h>
configure:2812: checking for grep that handles long lines and -e
configure:2886: result: /usr/bin/grep
configure:2891: checking for egrep
configure:2969: result: /usr/bin/grep -E
configure:3000: checking for C MPI support
configure:3012: checking for mpicc
configure:3028: found /usr/local/bin/mpicc
configure:3039: result: mpicc
configure:3057: checking for MPI_Init
configure:3113: mpicc -o conftest -g -O2   conftest.c  >&5
configure:3119: $? = 0
configure:3136: result: yes
configure:3280: checking for mpi.h
configure:3303: mpicc -c -g -O2  conftest.c >&5
configure:3309: $? = 0
configure:3314: result: yes
configure:3341: result: MPI found with success
configure:4039: checking for C MPI-2 support
configure:4077: mpicc -o conftest -g -O2   conftest.c  >&5
conftest.c:16:22: warning: implicitly declaring library function 'exit' with type 'void (int) __attribute__((noreturn))'
if (MPI_VERSION > 1) exit(0);
                     ^
conftest.c:16:22: note: please include the header <stdlib.h> or explicitly provide a declaration for 'exit'
1 warning generated.
configure:4080: $? = 0
configure:4086: ./conftest
configure:4089: $? = 0
configure:4091: result: yes
configure:4122: checking for C++ MPI support
configure:4182: checking for g++
configure:4198: found /usr/bin/g++
configure:4209: result: g++
configure:4240: checking for C++ compiler version
configure:4247: g++ --version >&5
Configured with: --prefix=/Library/Developer/CommandLineTools/usr --with-gxx-include-dir=/usr/include/c++/4.2.1
Apple LLVM version 6.0 (clang-600.0.54) (based on LLVM 3.5svn)
Target: x86_64-apple-darwin13.3.0
Thread model: posix
configure:4250: $? = 0
configure:4257: g++ -v >&5
Configured with: --prefix=/Library/Developer/CommandLineTools/usr --with-gxx-include-dir=/usr/include/c++/4.2.1
Apple LLVM version 6.0 (clang-600.0.54) (based on LLVM 3.5svn)
Target: x86_64-apple-darwin13.3.0
Thread model: posix
configure:4260: $? = 0
configure:4267: g++ -V >&5
clang: error: argument to '-V' is missing (expected 1 value)
clang: error: no input files
configure:4270: $? = 1
configure:4273: checking whether we are using the GNU C++ compiler
configure:4302: g++ -c   conftest.cpp >&5
configure:4308: $? = 0
configure:4325: result: yes
configure:4330: checking whether g++ accepts -g
configure:4360: g++ -c -g  conftest.cpp >&5
configure:4366: $? = 0
configure:4465: result: yes
configure:4498: checking for mpic++
configure:4514: found /usr/local/bin/mpic++
configure:4525: result: mpic++
configure:4766: checking for mpi.h
configure:4789: mpic++ -c -g -O2  conftest.cpp >&5
configure:4795: $? = 0
configure:4800: result: yes
configure:4827: result: MPI found with success
configure:4833: checking for C++ MPI-2 support
configure:4872: mpic++ -o conftest -g -O2   conftest.cpp  >&5
configure:4875: $? = 0
configure:4881: ./conftest
configure:4884: $? = 0
configure:4886: result: yes
configure:4925: checking for mpicc option to accept ISO C99
configure:5084: mpicc  -c -g -O2  conftest.c >&5
configure:5090: $? = 0
configure:5113: result: none needed
configure:5276: creating ./config.status

## ---------------------- ##
## Running config.status. ##
## ---------------------- ##

This file was extended by config.status, which was
generated by GNU Autoconf 2.61.  Invocation command line was

  CONFIG_FILES    = 
  CONFIG_HEADERS  = 
  CONFIG_LINKS    = 
  CONFIG_COMMANDS = 
  $ ./config.status 

on mbp-et.epcc.ed.ac.uk

config.status:582: creating src/Makevars

## ---------------- ##
## Cache variables. ##
## ---------------- ##

ac_cv_c_compiler_gnu=yes
ac_cv_cxx_compiler_gnu=yes
ac_cv_env_CCC_set=
ac_cv_env_CCC_value=
ac_cv_env_CC_set=
ac_cv_env_CC_value=
ac_cv_env_CFLAGS_set=
ac_cv_env_CFLAGS_value=
ac_cv_env_CPPFLAGS_set=
ac_cv_env_CPPFLAGS_value=
ac_cv_env_CPP_set=
ac_cv_env_CPP_value=
ac_cv_env_CXXFLAGS_set=
ac_cv_env_CXXFLAGS_value=
ac_cv_env_CXX_set=
ac_cv_env_CXX_value=
ac_cv_env_LDFLAGS_set=
ac_cv_env_LDFLAGS_value=
ac_cv_env_LIBS_set=
ac_cv_env_LIBS_value=
ac_cv_env_MPICC_set=
ac_cv_env_MPICC_value=
ac_cv_env_MPICXX_set=
ac_cv_env_MPICXX_value=
ac_cv_env_build_alias_set=
ac_cv_env_build_alias_value=
ac_cv_env_host_alias_set=
ac_cv_env_host_alias_value=
ac_cv_env_target_alias_set=
ac_cv_env_target_alias_value=
ac_cv_func_MPI_Init=yes
ac_cv_objext=o
ac_cv_path_EGREP='/usr/bin/grep -E'
ac_cv_path_GREP=/usr/bin/grep
ac_cv_prog_CPP='gcc -E'
ac_cv_prog_MPICC=mpicc
ac_cv_prog_MPICXX=mpic++
ac_cv_prog_ac_ct_CC=gcc
ac_cv_prog_ac_ct_CXX=g++
ac_cv_prog_cc_c89=
ac_cv_prog_cc_c99=
ac_cv_prog_cc_g=yes
ac_cv_prog_cxx_g=yes

## ----------------- ##
## Output variables. ##
## ----------------- ##

CC='mpicc'
CFLAGS='-g -O2'
CPP='gcc -E'
CPPFLAGS=''
CXX='mpic++'
CXXFLAGS='-g -O2'
DEFS='-DPACKAGE_NAME=\"\" -DPACKAGE_TARNAME=\"\" -DPACKAGE_VERSION=\"\" -DPACKAGE_STRING=\"\" -DPACKAGE_BUGREPORT=\"\"'
ECHO_C='ECHO_N=''
ECHO_T=''
EGREP='/usr/bin/grep -E'
EXEEXT=''
GREP='/usr/bin/grep'
LDFLAGS=''
LIBOBJS=''
LIBS=''
LTLIBOBJS=''
MPICC='mpicc'
MPICXX='mpic++'
MPILIBS=' '
OBJEXT='o'
PACKAGE_BUGREPORT=''
PACKAGE_NAME=''
PACKAGE_STRING=''
PACKAGE_TARNAME=''
PACKAGE_VERSION=''
PATH_SEPARATOR=':'
R_CFLAGS='-Wall -mtune=core2 -g -O2'
SHELL='/bin/sh'
SHLIB_LDFLAGS='-dynamiclib -Wl,-headerpad_max_install_names -undefined dynamic_lookup -single_module -multiply_defined suppress'
ac_ct_CC='gcc'
ac_ct_CXX='g++'
bindir='${exec_prefix}/bin'
build_alias=''
datadir='${datarootdir}'
datarootdir='${prefix}/share'
docdir='${datarootdir}/doc/${PACKAGE}'
dvidir='${docdir}'
exec_prefix='${prefix}'
host_alias=''
htmldir='${docdir}'
includedir='${prefix}/include'
infodir='${datarootdir}/info'
libdir='${exec_prefix}/lib'
libexecdir='${exec_prefix}/libexec'
localedir='${datarootdir}/locale'
localstatedir='${prefix}/var'
mandir='${datarootdir}/man'
oldincludedir='/usr/include'
pdfdir='${docdir}'
prefix='/usr/local'
program_transform_name='s,x,x,'
psdir='${docdir}'
sbindir='${exec_prefix}/sbin'
sharedstatedir='${prefix}/com'
sysconfdir='${prefix}/etc'
target_alias=''

## ----------- ##
## confdefs.h. ##
## ----------- ##

#define PACKAGE_NAME ""
#define PACKAGE_TARNAME ""
#define PACKAGE_VERSION ""
#define PACKAGE_STRING ""
#define PACKAGE_BUGREPORT ""

configure: exit 0
